[2025-02-06 14:21:35] CRITICAL : Erreur SQL: SQLSTATE[42S22]: Column not found: 1054 Unknown column 'URI_STOCKAGE_LOCAL' in 'field list'
[2025-02-06 15:03:00] CRITICAL : Erreur SQL: SQLSTATE[42S22]: Column not found: 1054 Unknown column 'URI_STOCKAGE_LOCAL' in 'field list'
[2025-02-06 15:03:14] INFO : L'utilisateur nconguisti s'est connecté.
[2025-02-06 15:03:14] CRITICAL : Erreur SQL: SQLSTATE[42S22]: Column not found: 1054 Unknown column 'URI_STOCKAGE_LOCAL' in 'field list'
[2025-02-06 15:03:22] CRITICAL : Erreur SQL: SQLSTATE[42S22]: Column not found: 1054 Unknown column 'URI_STOCKAGE_LOCAL' in 'field list'
[2025-02-06 15:03:31] INFO : L'utilisateur nconguisti s'est connecté.
[2025-02-06 15:03:31] CRITICAL : Erreur SQL: SQLSTATE[42S22]: Column not found: 1054 Unknown column 'URI_STOCKAGE_LOCAL' in 'field list'
[2025-02-06 15:03:36] CRITICAL : Erreur SQL: SQLSTATE[42S22]: Column not found: 1054 Unknown column 'URI_STOCKAGE_LOCAL' in 'field list'
[2025-02-06 15:03:40] CRITICAL : Erreur SQL: SQLSTATE[42S22]: Column not found: 1054 Unknown column 'URI_STOCKAGE_LOCAL' in 'field list'
[2025-02-06 16:06:20] CRITICAL : Erreur SQL: SQLSTATE[42S22]: Column not found: 1054 Unknown column 'URI_STOCKAGE_LOCAL' in 'field list'
[2025-02-06 16:11:08] INFO : L'utilisateur nconguisti s'est connecté.
[2025-02-06 16:11:13] INFO : Lancement de la fonction de transfert.
[2025-02-06 16:11:13] INFO : Récupération des vidéos du NAS PAD. 0 fichiers trouvés.
[2025-02-06 16:11:14] INFO : Récupération des vidéos du NAS ARCH. 1 fichiers trouvés.
[2025-02-06 16:11:14] INFO : Alimentation du stockage local avec 1 fichiers.
[2025-02-06 16:11:19] SUCCESS : Fichier 23_6h_JIN_Fermetur/23_6h_JIN_Fermetur.mxf téléchargé avec succès dans ../videos/videosAConvertir/attenteDeConversion/23_6h_JIN_Fermetur.mxf.
[2025-02-06 16:11:23] SUCCESS : Miniature de la vidéo ../videos/videosAUpload/attenteDUpload/23_6h_JIN_Fermetur.mp4 générée avec succès.
[2025-02-06 16:11:23] INFO : Insertion des informations dans la base de données.
[2025-02-06 16:11:23] SUCCESS : Fonction de transfert effectuée avec succès.
[2025-02-06 16:11:30] INFO : Récupération des informations à afficher sur la page d'accueil.
[2025-02-06 16:13:36] INFO : Chargement des informations de la vidéo n° 1
[2025-02-06 16:14:26] INFO : Récupération des informations à afficher sur la page d'accueil.
[2025-02-06 16:14:29] INFO : Chargement des informations de la vidéo n° 1
[2025-02-06 16:14:33] INFO : Chargement des informations de la vidéo n° 1
[2025-02-06 16:14:46] INFO : Récupération des informations à afficher sur la page d'accueil.
[2025-02-06 16:14:48] INFO : Chargement des informations de la vidéo n° 1
[2025-02-06 16:14:52] INFO : Chargement des informations de la vidéo n° 1
[2025-02-06 16:16:17] INFO : Récupération des informations à afficher sur la page d'accueil.
[2025-02-06 16:16:56] INFO : Chargement des informations de la vidéo n° 1
[2025-02-06 16:17:00] INFO : Chargement des informations de la vidéo n° 1
[2025-02-06 16:18:40] INFO : Chargement des informations de la vidéo n° 1
[2025-02-06 16:18:43] INFO : Récupération des informations à afficher sur la page d'accueil.
[2025-02-06 16:18:45] INFO : Chargement des informations de la vidéo n° 1
[2025-02-06 16:18:48] INFO : Chargement des informations de la vidéo n° 1
[2025-02-06 16:22:01] INFO : Récupération des informations à afficher sur la page d'accueil.
[2025-02-06 16:22:02] INFO : Chargement des informations de la vidéo n° 1
[2025-02-06 16:22:08] INFO : Chargement des informations de la vidéo n° 1
[2025-02-06 16:23:41] INFO : Récupération des informations à afficher sur la page d'accueil.
[2025-02-06 16:23:42] INFO : Chargement des informations de la vidéo n° 1
[2025-02-06 16:23:48] INFO : Chargement des informations de la vidéo n° 1
[2025-02-06 16:25:24] INFO : Récupération des informations à afficher sur la page d'accueil.
[2025-02-06 16:25:26] INFO : Chargement des informations de la vidéo n° 1
[2025-02-06 16:25:30] FAIL : Échec du téléchargement du fichier /23_6h_JIN_Fermetur/23_6h_JIN_Fermetur.mp4.
[2025-02-06 16:25:30] FAIL : Échec de l'export du fichier ../videos/videosADiffuser/23_6h_JIN_Fermetur.mp4 vers /23_6h_JIN_Fermetur/23_6h_JIN_Fermetur.mp4
[2025-02-06 16:25:30] INFO : Chargement des informations de la vidéo n° 1
[2025-02-06 16:27:45] INFO : Récupération des informations à afficher sur la page d'accueil.
[2025-02-06 16:27:46] INFO : Chargement des informations de la vidéo n° 1
[2025-02-06 16:27:49] INFO : Chargement des informations de la vidéo n° 1
[2025-02-06 16:27:59] INFO : Récupération des informations à afficher sur la page d'accueil.
[2025-02-06 16:34:20] INFO : Récupération des informations à afficher sur la page d'accueil.
[2025-02-06 16:34:22] INFO : Chargement des informations de la vidéo n° 1
[2025-02-06 16:34:31] INFO : Chargement des informations de la vidéo n° 1
[2025-02-06 16:34:56] INFO : Lancement de la fonction de transfert.
[2025-02-06 16:34:56] INFO : Récupération des vidéos du NAS PAD. 0 fichiers trouvés.
[2025-02-06 16:34:56] INFO : Récupération des vidéos du NAS ARCH. 1 fichiers trouvés.
[2025-02-06 16:34:56] INFO : Alimentation du stockage local avec 1 fichiers.
[2025-02-06 16:35:00] SUCCESS : Fichier 23_6h_JIN_Fermetur/23_6h_JIN_Fermetur.mxf téléchargé avec succès dans ../videos/videosAConvertir/attenteDeConversion/23_6h_JIN_Fermetur.mxf.
[2025-02-06 16:35:04] SUCCESS : Miniature de la vidéo ../videos/videosAUpload/attenteDUpload/23_6h_JIN_Fermetur.mp4 générée avec succès.
[2025-02-06 16:35:04] INFO : Insertion des informations dans la base de données.
[2025-02-06 16:35:04] SUCCESS : Fonction de transfert effectuée avec succès.
[2025-02-06 16:35:33] INFO : Récupération des informations à afficher sur la page d'accueil.
[2025-02-06 16:35:34] INFO : Chargement des informations de la vidéo n° 2
[2025-02-06 16:35:37] INFO : Chargement des informations de la vidéo n° 2
[2025-02-07 08:16:49] INFO : L'utilisateur nconguisti s'est connecté.
[2025-02-07 08:17:12] INFO : Lancement de la fonction de transfert.
[2025-02-07 08:17:12] INFO : Récupération des vidéos du NAS PAD. 0 fichiers trouvés.
[2025-02-07 08:17:12] INFO : Récupération des vidéos du NAS ARCH. 0 fichiers trouvés.
[2025-02-07 08:17:12] INFO : Alimentation du stockage local avec 0 fichiers.
[2025-02-07 08:17:12] INFO : Insertion des informations dans la base de données.
[2025-02-07 08:17:12] SUCCESS : Fonction de transfert effectuée avec succès.
[2025-02-07 08:20:06] INFO : Lancement de la fonction de transfert.
[2025-02-07 08:20:07] INFO : Récupération des vidéos du NAS PAD. 0 fichiers trouvés.
[2025-02-07 08:20:07] INFO : Récupération des vidéos du NAS ARCH. 0 fichiers trouvés.
[2025-02-07 08:20:07] INFO : Alimentation du stockage local avec 0 fichiers.
[2025-02-07 08:20:07] INFO : Insertion des informations dans la base de données.
[2025-02-07 08:20:07] SUCCESS : Fonction de transfert effectuée avec succès.
[2025-02-07 08:20:09] INFO : Lancement de la fonction de transfert.
[2025-02-07 08:20:09] INFO : Récupération des vidéos du NAS PAD. 0 fichiers trouvés.
[2025-02-07 08:20:09] INFO : Récupération des vidéos du NAS ARCH. 0 fichiers trouvés.
[2025-02-07 08:20:09] INFO : Alimentation du stockage local avec 0 fichiers.
[2025-02-07 08:20:09] INFO : Insertion des informations dans la base de données.
[2025-02-07 08:20:09] SUCCESS : Fonction de transfert effectuée avec succès.
[2025-02-07 08:21:54] INFO : Lancement de la fonction de transfert.
[2025-02-07 08:21:54] INFO : Récupération des vidéos du NAS PAD. 0 fichiers trouvés.
[2025-02-07 08:21:55] INFO : Récupération des vidéos du NAS ARCH. 1 fichiers trouvés.
[2025-02-07 08:21:55] INFO : Alimentation du stockage local avec 1 fichiers.
[2025-02-07 08:21:58] SUCCESS : Fichier 23_6h_JIN_Fermetur/23_6h_JIN_Fermetur.mxf téléchargé avec succès dans ../videos/videosAConvertir/attenteDeConversion/23_6h_JIN_Fermetur.mxf.
[2025-02-07 08:22:03] SUCCESS : Miniature de la vidéo ../videos/videosAUpload/attenteDUpload/23_6h_JIN_Fermetur.mp4 générée avec succès.
[2025-02-07 08:22:03] INFO : Insertion des informations dans la base de données.
[2025-02-07 08:22:03] SUCCESS : Fonction de transfert effectuée avec succès.
[2025-02-07 08:22:08] INFO : Récupération des informations à afficher sur la page d'accueil.
[2025-02-07 08:22:10] INFO : Chargement des informations de la vidéo n° 3
[2025-02-07 08:22:15] INFO : Chargement des informations de la vidéo n° 3
[2025-02-07 08:36:31] INFO : Récupération des informations à afficher sur la page d'accueil.
[2025-02-07 08:36:33] INFO : Chargement des informations de la vidéo n° 3
[2025-02-07 08:36:36] INFO : Chargement des informations de la vidéo n° 3
[2025-02-07 08:37:32] INFO : Récupération des informations à afficher sur la page d'accueil.
[2025-02-07 08:37:33] INFO : Chargement des informations de la vidéo n° 3
[2025-02-07 09:01:31] INFO : Récupération des informations à afficher sur la page d'accueil.
[2025-02-07 09:01:54] INFO : Lancement de la fonction de transfert.
[2025-02-07 09:01:54] INFO : Récupération des vidéos du NAS PAD. 0 fichiers trouvés.
[2025-02-07 09:01:55] INFO : Récupération des vidéos du NAS ARCH. 1 fichiers trouvés.
[2025-02-07 09:01:55] INFO : Alimentation du stockage local avec 1 fichiers.
[2025-02-07 09:01:59] SUCCESS : Fichier 23_6h_JIN_Fermetur/23_6h_JIN_Fermetur.mxf téléchargé avec succès dans ../videos/videosAConvertir/attenteDeConversion/23_6h_JIN_Fermetur.mxf.
[2025-02-07 09:02:04] SUCCESS : Miniature de la vidéo ../videos/videosAUpload/attenteDUpload/23_6h_JIN_Fermetur.mp4 générée avec succès.
[2025-02-07 09:02:04] INFO : Insertion des informations dans la base de données.
[2025-02-07 09:02:04] SUCCESS : Fonction de transfert effectuée avec succès.
[2025-02-07 09:02:15] INFO : Récupération des informations à afficher sur la page d'accueil.
[2025-02-07 09:02:16] INFO : Chargement des informations de la vidéo n° 4
[2025-02-07 09:02:19] INFO : Chargement des informations de la vidéo n° 4
[2025-02-07 09:05:00] INFO : Lancement de la fonction de transfert.
[2025-02-07 09:05:00] INFO : Récupération des vidéos du NAS PAD. 0 fichiers trouvés.
[2025-02-07 09:05:01] INFO : Récupération des vidéos du NAS ARCH. 1 fichiers trouvés.
[2025-02-07 09:05:01] INFO : Alimentation du stockage local avec 1 fichiers.
[2025-02-07 09:05:05] SUCCESS : Fichier 23_6h_JIN_Fermetur/23_6h_JIN_Fermetur.mxf téléchargé avec succès dans ../videos/videosAConvertir/attenteDeConversion/23_6h_JIN_Fermetur.mxf.
[2025-02-07 09:05:09] SUCCESS : Miniature de la vidéo ../videos/videosAUpload/attenteDUpload/23_6h_JIN_Fermetur.mp4 générée avec succès.
[2025-02-07 09:05:10] INFO : Insertion des informations dans la base de données.
[2025-02-07 09:05:10] SUCCESS : Fonction de transfert effectuée avec succès.
[2025-02-07 09:05:13] INFO : Récupération des informations à afficher sur la page d'accueil.
[2025-02-07 09:05:14] INFO : Chargement des informations de la vidéo n° 5
[2025-02-07 09:05:24] INFO : Récupération des informations à afficher sur la page d'accueil.
[2025-02-07 09:05:25] INFO : Récupération des informations à afficher sur la page d'accueil.
[2025-02-07 09:05:26] INFO : Chargement des informations de la vidéo n° 5
[2025-02-07 09:09:20] INFO : Lancement de la fonction de transfert.
[2025-02-07 09:09:20] INFO : Récupération des vidéos du NAS PAD. 0 fichiers trouvés.
[2025-02-07 09:09:20] INFO : Récupération des vidéos du NAS ARCH. 1 fichiers trouvés.
[2025-02-07 09:09:20] INFO : Alimentation du stockage local avec 1 fichiers.
[2025-02-07 09:09:24] SUCCESS : Fichier 23_6h_JIN_Fermetur/23_6h_JIN_Fermetur.mxf téléchargé avec succès dans ../videos/videosAConvertir/attenteDeConversion/23_6h_JIN_Fermetur.mxf.
[2025-02-07 09:09:29] SUCCESS : Miniature de la vidéo ../videos/videosAUpload/attenteDUpload/23_6h_JIN_Fermetur.mp4 générée avec succès.
[2025-02-07 09:09:29] INFO : Insertion des informations dans la base de données.
[2025-02-07 09:09:29] SUCCESS : Fonction de transfert effectuée avec succès.
[2025-02-07 09:09:38] INFO : Récupération des informations à afficher sur la page d'accueil.
[2025-02-07 09:09:39] INFO : Chargement des informations de la vidéo n° 6
[2025-02-07 09:09:44] INFO : Chargement des informations de la vidéo n° 6
[2025-02-07 09:11:46] INFO : Récupération des informations à afficher sur la page d'accueil.
[2025-02-07 09:11:47] INFO : Chargement des informations de la vidéo n° 6
[2025-02-07 09:11:50] INFO : Chargement des informations de la vidéo n° 6
