[2025-03-10 08:26:15] CRITICAL : Erreur lors de la récupération des URIs et titres des vidéos : SQLSTATE[42S22]: Column not found: 1054 Unknown column 'archive' in 'where clause'
[2025-03-10 08:54:34] CRITICAL : Erreur lors de la récupération des URIs et titres des vidéos : SQLSTATE[42S22]: Column not found: 1054 Unknown column 'archive' in 'where clause'
[2025-03-10 09:12:13] INFO : L'utilisateur nconguisti s'est connecté.
[2025-03-10 09:12:21] INFO : Lancement de la fonction de transfert.
[2025-03-10 09:12:21] INFO : Récupération des vidéos du NAS PAD. 0 fichiers trouvés.
[2025-03-10 09:12:21] INFO : Récupération des vidéos du NAS ARCH. 0 fichiers trouvés.
[2025-03-10 09:12:21] INFO : Alimentation du stockage local avec 0 fichiers.
[2025-03-10 09:15:56] INFO : Lancement de la fonction de transfert.
[2025-03-10 09:15:56] INFO : Récupération des vidéos du NAS PAD. 0 fichiers trouvés.
[2025-03-10 09:15:56] INFO : Récupération des vidéos du NAS ARCH. 0 fichiers trouvés.
[2025-03-10 09:15:56] INFO : Alimentation du stockage local avec 0 fichiers.
[2025-03-10 09:16:32] INFO : Lancement de la fonction de transfert.
[2025-03-10 09:16:32] INFO : Récupération des vidéos du NAS PAD. 0 fichiers trouvés.
[2025-03-10 09:16:32] INFO : Récupération des vidéos du NAS ARCH. 0 fichiers trouvés.
[2025-03-10 09:16:32] INFO : Alimentation du stockage local avec 0 fichiers.
[2025-03-10 09:20:16] INFO : Lancement de la fonction de transfert.
[2025-03-10 09:20:16] INFO : Récupération des vidéos du NAS PAD. 0 fichiers trouvés.
[2025-03-10 09:20:17] INFO : Récupération des vidéos du NAS ARCH. 0 fichiers trouvés.
[2025-03-10 09:20:17] INFO : Alimentation du stockage local avec 0 fichiers.
[2025-03-10 09:30:35] INFO : L'utilisateur nconguisti s'est connecté.
[2025-03-10 09:30:43] INFO : Lancement de la fonction de transfert.
[2025-03-10 09:30:43] INFO : Récupération des vidéos du NAS PAD. 0 fichiers trouvés.
[2025-03-10 09:30:43] INFO : Récupération des vidéos du NAS ARCH. 0 fichiers trouvés.
[2025-03-10 09:30:43] INFO : Alimentation du stockage local avec 0 fichiers.
[2025-03-10 09:30:43] INFO : Tous les processus fils ont terminé. Le processus de transfert des vidéos est terminé.
[2025-03-10 09:30:43] INFO : Insertion des informations dans la base de données.
[2025-03-10 09:30:43] SUCCESS : Fonction de transfert effectuée avec succès.
[2025-03-10 09:32:29] INFO : L'utilisateur nconguisti s'est connecté.
[2025-03-10 09:32:44] INFO : Lancement de la fonction de transfert.
[2025-03-10 09:32:44] INFO : Récupération des vidéos du NAS PAD. 0 fichiers trouvés.
[2025-03-10 09:32:44] INFO : Récupération des vidéos du NAS ARCH. 0 fichiers trouvés.
[2025-03-10 09:32:44] INFO : Alimentation du stockage local avec 0 fichiers.
[2025-03-10 09:32:44] INFO : Tous les processus fils ont terminé. Le processus de transfert des vidéos est terminé.
[2025-03-10 09:32:44] INFO : Insertion des informations dans la base de données.
[2025-03-10 09:32:44] SUCCESS : Fonction de transfert effectuée avec succès.
[2025-03-10 09:36:42] INFO : Lancement de la fonction de transfert.
[2025-03-10 09:36:42] INFO : Récupération des vidéos du NAS PAD. 0 fichiers trouvés.
[2025-03-10 09:36:45] INFO : Récupération des vidéos du NAS ARCH. 3 fichiers trouvés.
[2025-03-10 09:36:45] INFO : Alimentation du stockage local avec 3 fichiers.
[2025-03-10 09:36:47] SUCCESS : Fichier Nouveau dossier/23_6h_JIN_PUB_OUT.mp4 téléchargé avec succès dans ../videos/videosAConvertir/attenteDeConversion/23_6h_JIN_PUB_OUT.mp4.
[2025-03-10 09:36:48] SUCCESS : Fichier Nouveau dossier/23_6h_JIN_PUB_IN.mp4 téléchargé avec succès dans ../videos/videosAConvertir/attenteDeConversion/23_6h_JIN_PUB_IN.mp4.
[2025-03-10 09:36:56] SUCCESS : Fichier Nouveau dossier/23_6h_JIN_Fermetur.mp4 téléchargé avec succès dans ../videos/videosAConvertir/attenteDeConversion/23_6h_JIN_Fermetur.mp4.
[2025-03-10 09:36:58] SUCCESS : Miniature de la vidéo ../videos/videosAUpload/attenteDUpload/23_6h_JIN_PUB_OUT.mp4 générée avec succès.
[2025-03-10 09:36:58] SUCCESS : Miniature de la vidéo ../videos/videosAUpload/attenteDUpload/23_6h_JIN_PUB_IN.mp4 générée avec succès.
[2025-03-10 09:37:02] SUCCESS : Miniature de la vidéo ../videos/videosAUpload/attenteDUpload/23_6h_JIN_Fermetur.mp4 générée avec succès.
[2025-03-10 09:37:02] INFO : Tous les processus fils ont terminé. Le processus de transfert des vidéos est terminé.
[2025-03-10 09:37:02] INFO : Insertion des informations dans la base de données.
[2025-03-10 09:37:02] SUCCESS : Fonction de transfert effectuée avec succès.
[2025-03-10 09:38:34] INFO : Récupération des informations à afficher sur la page d'accueil.
[2025-03-10 09:40:35] INFO : Chargement des informations de la vidéo n° 2
[2025-03-10 09:59:46] INFO : Récupération des informations à afficher sur la page d'accueil.
[2025-03-10 10:01:44] SUCCESS : Fonction de réconciliation effectuée avec succès.
[2025-03-10 10:03:38] INFO : Récupération des informations à afficher sur la page d'accueil.
[2025-03-10 10:04:03] INFO : Chargement des informations de la vidéo n° 1
[2025-03-10 14:18:50] INFO : Chargement des informations de la vidéo n° 1
[2025-03-10 15:04:24] INFO : Chargement des informations de la vidéo n° 1
[2025-03-10 15:12:46] INFO : Chargement des informations de la vidéo n° 1
[2025-03-10 15:12:48] INFO : Chargement des informations de la vidéo n° 1
[2025-03-10 15:33:37] INFO : Chargement des informations de la vidéo n° 1
[2025-03-10 15:34:15] INFO : Chargement des informations de la vidéo n° 1
[2025-03-10 15:36:32] INFO : Chargement des informations de la vidéo n° 1
[2025-03-10 15:38:56] INFO : Chargement des informations de la vidéo n° 1
[2025-03-10 15:50:51] INFO : Chargement des informations de la vidéo n° 1
[2025-03-10 15:53:00] INFO : Chargement des informations de la vidéo n° 1
[2025-03-10 15:53:16] INFO : Chargement des informations de la vidéo n° 1
[2025-03-10 16:00:26] INFO : Chargement des informations de la vidéo n° 1
[2025-03-11 09:34:12] INFO : Récupération des informations à afficher sur la page d'accueil.
[2025-03-11 09:34:19] INFO : Chargement des informations de la vidéo n° 1
[2025-03-11 09:34:40] INFO : Chargement des informations de la vidéo n° 1
[2025-03-11 09:36:16] INFO : Chargement des informations de la vidéo n° 1
[2025-03-11 09:36:33] INFO : Chargement des informations de la vidéo n° 1
[2025-03-11 09:36:56] INFO : Chargement des informations de la vidéo n° 1
[2025-03-11 09:43:16] INFO : Chargement des informations de la vidéo n° 1
[2025-03-11 09:44:21] INFO : Chargement des informations de la vidéo n° 1
[2025-03-11 09:46:28] INFO : Chargement des informations de la vidéo n° 1
[2025-03-11 09:48:00] INFO : Chargement des informations de la vidéo n° 1
[2025-03-11 09:48:15] INFO : Chargement des informations de la vidéo n° 1
[2025-03-11 09:48:31] INFO : Chargement des informations de la vidéo n° 1
[2025-03-11 09:51:40] INFO : Chargement des informations de la vidéo n° 1
[2025-03-11 09:52:32] INFO : Chargement des informations de la vidéo n° 1
[2025-03-11 10:04:19] INFO : Chargement des informations de la vidéo n° 1
[2025-03-11 10:07:21] INFO : Chargement des informations de la vidéo n° 1
[2025-03-11 10:07:36] INFO : Chargement des informations de la vidéo n° 1
[2025-03-11 10:08:24] INFO : Chargement des informations de la vidéo n° 1
[2025-03-11 10:08:41] INFO : Récupération des informations à afficher sur la page d'accueil.
[2025-03-11 10:08:45] INFO : Chargement des informations de la vidéo n° 1
[2025-03-11 10:09:00] INFO : L'utilisateur nconguisti s'est connecté.
[2025-03-11 10:09:00] INFO : Récupération des informations à afficher sur la page d'accueil.
[2025-03-11 10:09:03] INFO : Chargement des informations de la vidéo n° 1
[2025-03-11 10:11:27] INFO : Chargement des informations de la vidéo n° 1
[2025-03-11 10:15:38] INFO : Chargement des informations de la vidéo n° 1
[2025-03-11 10:15:42] INFO : Chargement des informations de la vidéo n° 1
[2025-03-11 10:15:45] INFO : Chargement des informations de la vidéo n° 1
[2025-03-11 10:15:49] INFO : Chargement des informations de la vidéo n° 1
[2025-03-11 10:17:30] INFO : Chargement des informations de la vidéo n° 1
[2025-03-11 10:20:47] INFO : Chargement des informations de la vidéo n° 1
[2025-03-11 10:21:07] INFO : Chargement des informations de la vidéo n° 1
[2025-03-11 10:21:29] INFO : Chargement des informations de la vidéo n° 1
[2025-03-11 10:22:46] INFO : Chargement des informations de la vidéo n° 1
[2025-03-11 10:24:47] INFO : Chargement des informations de la vidéo n° 1
[2025-03-11 10:25:06] INFO : Chargement des informations de la vidéo n° 1
[2025-03-11 10:29:15] INFO : Chargement des informations de la vidéo n° 1
[2025-03-11 10:29:46] INFO : Chargement des informations de la vidéo n° 1
[2025-03-11 10:30:40] INFO : Chargement des informations de la vidéo n° 1
[2025-03-11 10:31:46] INFO : Chargement des informations de la vidéo n° 1
[2025-03-11 10:33:40] INFO : Chargement des informations de la vidéo n° 1
[2025-03-11 10:34:56] INFO : Chargement des informations de la vidéo n° 1
[2025-03-11 10:35:21] INFO : Chargement des informations de la vidéo n° 1
[2025-03-11 10:35:22] INFO : Chargement des informations de la vidéo n° 1
[2025-03-11 10:35:22] INFO : Chargement des informations de la vidéo n° 1
[2025-03-11 10:35:22] INFO : Chargement des informations de la vidéo n° 1
[2025-03-11 10:35:22] INFO : Chargement des informations de la vidéo n° 1
[2025-03-11 10:35:22] INFO : Chargement des informations de la vidéo n° 1
[2025-03-11 10:38:12] INFO : Chargement des informations de la vidéo n° 1
[2025-03-11 10:39:07] INFO : Chargement des informations de la vidéo n° 1
[2025-03-11 10:42:23] INFO : Chargement des informations de la vidéo n° 1
[2025-03-11 10:43:23] INFO : Chargement des informations de la vidéo n° 1
[2025-03-11 10:43:43] INFO : Chargement des informations de la vidéo n° 1
[2025-03-11 10:44:26] INFO : Chargement des informations de la vidéo n° 1
[2025-03-11 10:47:07] INFO : Chargement des informations de la vidéo n° 1
[2025-03-11 10:47:16] INFO : Chargement des informations de la vidéo n° 1
[2025-03-11 10:47:33] INFO : Chargement des informations de la vidéo n° 1
[2025-03-11 10:48:40] INFO : Chargement des informations de la vidéo n° 1
[2025-03-11 10:49:43] INFO : Chargement des informations de la vidéo n° 1
[2025-03-11 10:50:38] INFO : Chargement des informations de la vidéo n° 1
[2025-03-11 10:51:45] INFO : Chargement des informations de la vidéo n° 1
[2025-03-11 10:52:10] INFO : Chargement des informations de la vidéo n° 1
[2025-03-11 10:54:36] INFO : Chargement des informations de la vidéo n° 1
[2025-03-11 10:59:48] INFO : Chargement des informations de la vidéo n° 1
[2025-03-11 11:02:30] INFO : Chargement des informations de la vidéo n° 1
[2025-03-11 11:08:52] INFO : Chargement des informations de la vidéo n° 1
[2025-03-11 11:10:32] INFO : Chargement des informations de la vidéo n° 1
[2025-03-11 11:11:03] INFO : Chargement des informations de la vidéo n° 1
[2025-03-11 11:11:22] INFO : Chargement des informations de la vidéo n° 1
[2025-03-11 11:11:35] INFO : Chargement des informations de la vidéo n° 1
[2025-03-11 11:12:23] INFO : Chargement des informations de la vidéo n° 1
[2025-03-11 11:12:49] INFO : Chargement des informations de la vidéo n° 1
[2025-03-11 11:13:15] INFO : Chargement des informations de la vidéo n° 1
[2025-03-11 11:13:50] INFO : Récupération des informations à afficher sur la page d'accueil.
[2025-03-11 11:14:09] INFO : Chargement des informations de la vidéo n° 1
[2025-03-11 11:15:50] INFO : Chargement des informations de la vidéo n° 1
[2025-03-11 11:17:25] INFO : Chargement des informations de la vidéo n° 1
[2025-03-11 11:29:05] INFO : Chargement des informations de la vidéo n° 1
[2025-03-11 11:30:41] INFO : Chargement des informations de la vidéo n° 1
[2025-03-11 11:31:48] INFO : Chargement des informations de la vidéo n° 1
[2025-03-11 11:34:57] INFO : Chargement des informations de la vidéo n° 1
[2025-03-11 11:35:44] INFO : Chargement des informations de la vidéo n° 1
[2025-03-11 11:45:50] INFO : Chargement des informations de la vidéo n° 1
[2025-03-11 11:51:19] INFO : Chargement des informations de la vidéo n° 1
[2025-03-11 11:54:25] INFO : Chargement des informations de la vidéo n° 1
[2025-03-12 14:20:26] INFO : Récupération des informations à afficher sur la page d'accueil.
[2025-03-12 14:20:35] INFO : Chargement des informations de la vidéo n° 2
[2025-03-12 14:22:45] INFO : Récupération des informations à afficher sur la page d'accueil.
[2025-03-12 14:26:58] INFO : Chargement des informations de la vidéo n° 2
[2025-03-12 14:27:13] INFO : L'utilisateur nconguisti s'est connecté.
[2025-03-12 14:27:13] INFO : Récupération des informations à afficher sur la page d'accueil.
[2025-03-12 14:27:16] INFO : Chargement des informations de la vidéo n° 1
[2025-03-12 14:29:53] INFO : Récupération des informations à afficher sur la page d'accueil.
[2025-03-12 14:30:20] INFO : Récupération des informations à afficher sur la page d'accueil.
[2025-03-12 14:34:54] INFO : Récupération des informations à afficher sur la page d'accueil.
[2025-03-12 14:35:37] INFO : Récupération des informations à afficher sur la page d'accueil.
[2025-03-12 14:37:08] INFO : Récupération des informations à afficher sur la page d'accueil.
[2025-03-12 14:37:25] INFO : Récupération des informations à afficher sur la page d'accueil.
[2025-03-12 14:37:42] INFO : Chargement des informations de la vidéo n° 1
[2025-03-12 14:48:46] INFO : Chargement des informations de la vidéo n° 1
[2025-03-12 14:56:21] INFO : Chargement des informations de la vidéo n° 1
[2025-03-12 14:57:26] INFO : Chargement des informations de la vidéo n° 1
[2025-03-12 14:57:47] INFO : Chargement des informations de la vidéo n° 1
[2025-03-12 15:01:49] INFO : Chargement des informations de la vidéo n° 1
[2025-03-12 15:01:51] INFO : Chargement des informations de la vidéo n° 1
[2025-03-12 15:05:28] INFO : Chargement des informations de la vidéo n° 1
[2025-03-12 15:05:47] INFO : Chargement des informations de la vidéo n° 1
[2025-03-12 15:06:17] INFO : Chargement des informations de la vidéo n° 1
[2025-03-12 15:11:52] INFO : Chargement des informations de la vidéo n° 1
[2025-03-12 15:14:14] INFO : Chargement des informations de la vidéo n° 1
[2025-03-12 15:17:32] INFO : Chargement des informations de la vidéo n° 1
[2025-03-12 15:22:50] INFO : Chargement des informations de la vidéo n° 1
[2025-03-12 15:23:48] INFO : Chargement des informations de la vidéo n° 1
[2025-03-12 15:24:13] INFO : Chargement des informations de la vidéo n° 1
[2025-03-12 16:05:23] INFO : Chargement des informations de la vidéo n° 1
[2025-03-12 16:07:31] INFO : Chargement des informations de la vidéo n° 1
[2025-03-12 16:08:02] INFO : Chargement des informations de la vidéo n° 1
[2025-03-12 16:08:13] INFO : Chargement des informations de la vidéo n° 1
[2025-03-12 16:12:07] INFO : Chargement des informations de la vidéo n° 1
[2025-03-12 16:13:16] INFO : Lancement de la fonction de transfert.
[2025-03-12 16:13:16] INFO : Récupération des vidéos du NAS PAD. 0 fichiers trouvés.
[2025-03-12 16:13:16] INFO : Récupération des vidéos du NAS ARCH. 0 fichiers trouvés.
[2025-03-12 16:13:16] INFO : Alimentation du stockage local avec 0 fichiers.
[2025-03-12 16:13:16] INFO : Tous les processus fils ont terminé. Le processus de transfert des vidéos est terminé.
[2025-03-12 16:13:16] INFO : Insertion des informations dans la base de données.
[2025-03-12 16:13:16] SUCCESS : Fonction de transfert effectuée avec succès.
[2025-03-12 16:36:52] INFO : Récupération des informations à afficher sur la page d'accueil.
[2025-03-13 14:05:44] INFO : Récupération des informations à afficher sur la page d'accueil.
[2025-03-13 14:05:48] INFO : Chargement des informations de la vidéo n° 1
[2025-03-13 14:06:01] INFO : L'utilisateur nconguisti s'est connecté.
[2025-03-13 14:06:01] INFO : Récupération des informations à afficher sur la page d'accueil.
[2025-03-13 14:06:03] INFO : Chargement des informations de la vidéo n° 2
[2025-03-13 14:08:57] INFO : Récupération des informations à afficher sur la page d'accueil.
[2025-03-13 14:09:12] INFO : Chargement des informations de la vidéo n° 2
[2025-03-13 14:09:43] INFO : Chargement des informations de la vidéo n° 2
[2025-03-13 14:09:59] INFO : Chargement des informations de la vidéo n° 2
[2025-03-13 14:10:18] INFO : Chargement des informations de la vidéo n° 2
[2025-03-13 14:10:32] INFO : Récupération des informations à afficher sur la page d'accueil.
[2025-03-13 14:10:36] INFO : Chargement des informations de la vidéo n° 2
[2025-03-13 14:11:01] INFO : L'utilisateur nconguisti s'est connecté.
[2025-03-13 14:11:01] INFO : Récupération des informations à afficher sur la page d'accueil.
[2025-03-13 14:11:02] INFO : Chargement des informations de la vidéo n° 2
[2025-03-13 14:11:25] INFO : Récupération des informations à afficher sur la page d'accueil.
[2025-03-13 14:12:01] INFO : Chargement des informations de la vidéo n° 2
[2025-03-13 14:22:50] INFO : Récupération des informations à afficher sur la page d'accueil.
[2025-03-13 14:22:51] INFO : Chargement des informations de la vidéo n° 2
[2025-03-13 14:22:56] INFO : Récupération des informations à afficher sur la page d'accueil.
[2025-03-13 14:23:00] INFO : Chargement des informations de la vidéo n° 2
[2025-03-13 14:54:42] INFO : Chargement des informations de la vidéo n° 2
[2025-03-13 14:56:00] INFO : Chargement des informations de la vidéo n° 2
[2025-03-13 14:57:43] INFO : Récupération des informations à afficher sur la page d'accueil.
[2025-03-13 14:58:10] INFO : Chargement des informations de la vidéo n° 2
[2025-03-13 15:00:23] INFO : Récupération des informations à afficher sur la page d'accueil.
[2025-03-13 15:00:26] INFO : Chargement des informations de la vidéo n° 1
[2025-03-13 15:02:19] INFO : Récupération des informations à afficher sur la page d'accueil.
[2025-03-13 15:02:35] INFO : Chargement des informations de la vidéo n° 1
[2025-03-13 15:04:48] INFO : Récupération des informations à afficher sur la page d'accueil.
[2025-03-13 15:05:15] INFO : Chargement des informations de la vidéo n° 2
[2025-03-13 15:05:17] INFO : Chargement des informations de la vidéo n° 2
[2025-03-13 15:09:46] INFO : Récupération des informations à afficher sur la page d'accueil.
[2025-03-13 15:09:49] INFO : Chargement des informations de la vidéo n° 2
[2025-03-13 15:14:58] INFO : Chargement des informations de la vidéo n° 2
[2025-03-13 15:15:42] INFO : Récupération des informations à afficher sur la page d'accueil.
[2025-03-13 15:17:37] INFO : Récupération des informations à afficher sur la page d'accueil.
[2025-03-13 15:18:08] INFO : L'utilisateur nconguisti s'est connecté.
[2025-03-13 15:18:08] INFO : Récupération des informations à afficher sur la page d'accueil.
[2025-03-13 15:19:09] INFO : Récupération des informations à afficher sur la page d'accueil.
[2025-03-13 15:19:26] INFO : L'utilisateur nconguisti s'est connecté.
[2025-03-13 15:19:26] INFO : Récupération des informations à afficher sur la page d'accueil.
[2025-03-13 15:21:16] INFO : Chargement des informations de la vidéo n° 3
[2025-03-13 15:21:19] INFO : Chargement des informations de la vidéo n° 3
[2025-03-13 15:23:48] INFO : Chargement des informations de la vidéo n° 3
[2025-03-13 15:31:18] INFO : Chargement des informations de la vidéo n° 3
[2025-03-13 15:33:55] INFO : Chargement des informations de la vidéo n° 3
[2025-03-13 15:36:09] INFO : Chargement des informations de la vidéo n° 3
[2025-03-13 15:36:26] INFO : Chargement des informations de la vidéo n° 3
[2025-03-13 15:40:32] INFO : Chargement des informations de la vidéo n° 3
[2025-03-13 15:41:56] INFO : Chargement des informations de la vidéo n° 3
[2025-03-13 15:42:14] INFO : Chargement des informations de la vidéo n° 3
[2025-03-13 15:44:48] INFO : Chargement des informations de la vidéo n° 3
[2025-03-13 15:45:00] INFO : Récupération des informations à afficher sur la page d'accueil.
[2025-03-13 15:46:04] INFO : Récupération des informations à afficher sur la page d'accueil.
[2025-03-13 15:50:55] INFO : Chargement des informations de la vidéo n° 3
[2025-03-13 16:03:21] INFO : Chargement des informations de la vidéo n° 3
[2025-03-13 16:07:56] INFO : Chargement des informations de la vidéo n° 3
[2025-03-13 16:10:06] INFO : Chargement des informations de la vidéo n° 3
[2025-03-13 16:10:51] INFO : Chargement des informations de la vidéo n° 3
[2025-03-13 16:14:16] INFO : Chargement des informations de la vidéo n° 3
[2025-03-13 16:14:33] INFO : Récupération des informations à afficher sur la page d'accueil.
[2025-03-13 16:14:35] INFO : Chargement des informations de la vidéo n° 1
[2025-03-13 16:14:38] INFO : Chargement des informations de la vidéo n° 2
[2025-03-13 16:14:40] INFO : Chargement des informations de la vidéo n° 3
[2025-03-13 16:15:31] INFO : Chargement des informations de la vidéo n° 3
[2025-03-13 16:18:37] INFO : Chargement des informations de la vidéo n° 3
[2025-03-13 16:19:57] INFO : Chargement des informations de la vidéo n° 3
[2025-03-13 16:26:07] INFO : Récupération des informations à afficher sur la page d'accueil.
[2025-03-13 16:27:21] INFO : Lancement de la fonction de transfert.
[2025-03-13 16:27:23] INFO : Récupération des vidéos du NAS PAD. 3 fichiers trouvés.
[2025-03-13 16:27:24] INFO : Récupération des vidéos du NAS ARCH. 3 fichiers trouvés.
[2025-03-13 16:27:24] INFO : Alimentation du stockage local avec 3 fichiers.
[2025-03-13 16:27:26] SUCCESS : Fichier Nouveau dossier/23_6h_JIN_PUB_OUT.mp4 téléchargé avec succès dans ../videos/videosAConvertir/attenteDeConversion/23_6h_JIN_PUB_OUT.mp4.
[2025-03-13 16:27:26] SUCCESS : Fichier Nouveau dossier/23_6h_JIN_PUB_IN.mp4 téléchargé avec succès dans ../videos/videosAConvertir/attenteDeConversion/23_6h_JIN_PUB_IN.mp4.
[2025-03-13 16:27:34] SUCCESS : Miniature de la vidéo ../videos/videosAUpload/attenteDUpload/23_6h_JIN_PUB_OUT.mp4 générée avec succès.
[2025-03-13 16:27:35] SUCCESS : Fichier Nouveau dossier/23_6h_JIN_Fermetur.mp4 téléchargé avec succès dans ../videos/videosAConvertir/attenteDeConversion/23_6h_JIN_Fermetur.mp4.
[2025-03-13 16:27:35] SUCCESS : Miniature de la vidéo ../videos/videosAUpload/attenteDUpload/23_6h_JIN_PUB_IN.mp4 générée avec succès.
[2025-03-13 16:27:40] SUCCESS : Miniature de la vidéo ../videos/videosAUpload/attenteDUpload/23_6h_JIN_Fermetur.mp4 générée avec succès.
[2025-03-13 16:27:40] INFO : Tous les processus fils ont terminé. Le processus de transfert des vidéos est terminé.
[2025-03-13 16:27:40] INFO : Insertion des informations dans la base de données.
[2025-03-13 16:27:40] SUCCESS : Fonction de transfert effectuée avec succès.
[2025-03-13 16:27:44] INFO : Récupération des informations à afficher sur la page d'accueil.
[2025-03-13 16:27:46] INFO : Chargement des informations de la vidéo n° 8
[2025-03-13 16:28:39] INFO : Chargement des informations de la vidéo n° 8
[2025-03-13 16:28:41] INFO : Récupération des informations à afficher sur la page d'accueil.
[2025-03-13 16:28:42] INFO : Chargement des informations de la vidéo n° 7
[2025-03-13 16:30:35] INFO : Chargement des informations de la vidéo n° 7
[2025-03-13 16:34:47] INFO : Chargement des informations de la vidéo n° 7
[2025-03-13 16:38:31] INFO : Chargement des informations de la vidéo n° 7
[2025-03-13 16:54:09] INFO : Chargement des informations de la vidéo n° 7
[2025-03-13 16:55:41] INFO : Chargement des informations de la vidéo n° 7
[2025-03-13 17:03:32] INFO : Chargement des informations de la vidéo n° 7
[2025-03-13 17:04:18] INFO : Chargement des informations de la vidéo n° 7
[2025-03-13 17:04:51] INFO : Chargement des informations de la vidéo n° 7
[2025-03-13 17:07:20] INFO : Chargement des informations de la vidéo n° 7
[2025-03-13 17:07:40] INFO : Chargement des informations de la vidéo n° 7
[2025-03-13 17:14:20] INFO : Chargement des informations de la vidéo n° 7
[2025-03-13 17:14:30] INFO : Récupération des informations à afficher sur la page d'accueil.
[2025-03-13 17:14:31] INFO : Chargement des informations de la vidéo n° 8
[2025-03-13 17:15:10] INFO : Chargement des informations de la vidéo n° 8
[2025-03-13 17:17:59] INFO : Chargement des informations de la vidéo n° 8
[2025-03-13 17:19:09] INFO : Chargement des informations de la vidéo n° 8
[2025-03-13 17:20:46] INFO : Chargement des informations de la vidéo n° 8
[2025-03-13 17:21:24] INFO : Chargement des informations de la vidéo n° 8
[2025-03-13 17:21:32] INFO : Récupération des informations à afficher sur la page d'accueil.
[2025-03-13 17:21:33] INFO : Chargement des informations de la vidéo n° 9
[2025-03-13 17:21:46] INFO : Chargement des informations de la vidéo n° 9
[2025-03-13 17:22:40] INFO : Chargement des informations de la vidéo n° 9
[2025-03-13 17:24:58] INFO : Chargement des informations de la vidéo n° 9
[2025-03-13 17:26:01] INFO : Chargement des informations de la vidéo n° 9
[2025-03-14 08:11:57] INFO : Récupération des informations à afficher sur la page d'accueil.
[2025-03-14 08:12:01] INFO : Chargement des informations de la vidéo n° 7
[2025-03-14 08:18:44] INFO : Chargement des informations de la vidéo n° 7
[2025-03-14 08:20:55] INFO : Chargement des informations de la vidéo n° 7
[2025-03-14 08:22:58] INFO : Chargement des informations de la vidéo n° 7
[2025-03-14 08:26:09] INFO : Chargement des informations de la vidéo n° 7
[2025-03-14 08:32:27] INFO : Récupération des informations à afficher sur la page d'accueil.
[2025-03-14 08:33:46] INFO : Chargement des informations de la vidéo n° 7
[2025-03-14 08:35:01] INFO : Chargement des informations de la vidéo n° 7
[2025-03-14 08:37:51] INFO : Chargement des informations de la vidéo n° 7
[2025-03-14 08:38:22] INFO : Chargement des informations de la vidéo n° 7
[2025-03-14 08:39:26] INFO : Chargement des informations de la vidéo n° 7
[2025-03-14 08:39:41] INFO : Chargement des informations de la vidéo n° 7
[2025-03-14 08:41:24] INFO : Chargement des informations de la vidéo n° 7
[2025-03-14 08:49:19] INFO : Chargement des informations de la vidéo n° 7
[2025-03-14 08:50:38] INFO : Chargement des informations de la vidéo n° 7
[2025-03-14 08:52:38] INFO : Chargement des informations de la vidéo n° 7
[2025-03-14 08:54:13] INFO : Chargement des informations de la vidéo n° 7
[2025-03-14 09:02:18] INFO : Chargement des informations de la vidéo n° 7
[2025-03-14 09:09:16] INFO : Chargement des informations de la vidéo n° 7
[2025-03-14 09:10:38] INFO : Chargement des informations de la vidéo n° 7
[2025-03-14 09:12:40] INFO : Chargement des informations de la vidéo n° 7
[2025-03-14 09:12:50] INFO : L'utilisateur nconguisti s'est connecté.
[2025-03-14 09:12:50] INFO : Récupération des informations à afficher sur la page d'accueil.
[2025-03-14 09:12:52] INFO : Chargement des informations de la vidéo n° 7
[2025-03-14 09:16:07] INFO : Chargement des informations de la vidéo n° 7
[2025-03-14 09:24:48] INFO : Chargement des informations de la vidéo n° 7
[2025-03-14 09:25:00] INFO : Chargement des informations de la vidéo n° 7
[2025-03-14 09:25:19] INFO : Chargement des informations de la vidéo n° 7
[2025-03-14 09:34:09] INFO : Chargement des informations de la vidéo n° 7
[2025-03-14 09:46:58] INFO : Chargement des informations de la vidéo n° 7
[2025-03-14 09:47:15] INFO : Chargement des informations de la vidéo n° 7
[2025-03-14 09:47:48] INFO : Chargement des informations de la vidéo n° 7
[2025-03-14 09:47:50] INFO : Chargement des informations de la vidéo n° 7
[2025-03-14 10:09:27] INFO : Chargement des informations de la vidéo n° 7
[2025-03-14 10:10:22] INFO : Chargement des informations de la vidéo n° 7
[2025-03-14 10:13:22] INFO : Chargement des informations de la vidéo n° 7
[2025-03-14 10:23:44] INFO : Chargement des informations de la vidéo n° 7
[2025-03-14 10:38:02] INFO : Chargement des informations de la vidéo n° 7
[2025-03-14 10:38:38] INFO : Chargement des informations de la vidéo n° 7
[2025-03-14 10:49:35] INFO : Chargement des informations de la vidéo n° 7
[2025-03-14 10:56:20] INFO : Chargement des informations de la vidéo n° 7
[2025-03-14 10:56:25] INFO : Chargement des informations de la vidéo n° 7
[2025-03-14 11:19:40] INFO : Chargement des informations de la vidéo n° 7
[2025-03-14 11:20:38] INFO : Chargement des informations de la vidéo n° 7
[2025-03-14 11:30:45] INFO : Chargement des informations de la vidéo n° 7
[2025-03-14 11:45:02] INFO : Chargement des informations de la vidéo n° 7
[2025-03-14 11:45:51] INFO : Chargement des informations de la vidéo n° 7
